<?xml version="1.0" encoding="UTF-8"?>
<testsuite xmlns:xsi="http://www.w3.org/2001/XMLSchema-instance" xsi:noNamespaceSchemaLocation="https://maven.apache.org/surefire/maven-surefire-plugin/xsd/surefire-test-report.xsd" name="com.boot.security.server.AppTest" time="0.079" tests="1" errors="0" skipped="0" failures="0">
  <properties>
    <property name="gopherProxySet" value="false"/>
    <property name="awt.toolkit" value="sun.lwawt.macosx.LWCToolkit"/>
    <property name="file.encoding.pkg" value="sun.io"/>
    <property name="java.specification.version" value="1.8"/>
    <property name="sun.cpu.isalist" value=""/>
    <property name="sun.jnu.encoding" value="UTF-8"/>
    <property name="java.class.path" value="/Users/haodaquan/JavaPath/spring-boots/boot-security/target/test-classes:/Users/haodaquan/JavaPath/spring-boots/boot-security/target/classes:/Users/haodaquan/.m2/myRepository/org/springframework/boot/spring-boot-starter-web/2.0.2.RELEASE/spring-boot-starter-web-2.0.2.RELEASE.jar:/Users/haodaquan/.m2/myRepository/org/springframework/boot/spring-boot-starter/2.0.2.RELEASE/spring-boot-starter-2.0.2.RELEASE.jar:/Users/haodaquan/.m2/myRepository/org/springframework/boot/spring-boot/2.0.2.RELEASE/spring-boot-2.0.2.RELEASE.jar:/Users/haodaquan/.m2/myRepository/org/springframework/boot/spring-boot-autoconfigure/2.0.2.RELEASE/spring-boot-autoconfigure-2.0.2.RELEASE.jar:/Users/haodaquan/.m2/myRepository/org/springframework/boot/spring-boot-starter-logging/2.0.2.RELEASE/spring-boot-starter-logging-2.0.2.RELEASE.jar:/Users/haodaquan/.m2/myRepository/ch/qos/logback/logback-classic/1.2.3/logback-classic-1.2.3.jar:/Users/haodaquan/.m2/myRepository/ch/qos/logback/logback-core/1.2.3/logback-core-1.2.3.jar:/Users/haodaquan/.m2/myRepository/org/apache/logging/log4j/log4j-to-slf4j/2.10.0/log4j-to-slf4j-2.10.0.jar:/Users/haodaquan/.m2/myRepository/org/apache/logging/log4j/log4j-api/2.10.0/log4j-api-2.10.0.jar:/Users/haodaquan/.m2/myRepository/org/slf4j/jul-to-slf4j/1.7.25/jul-to-slf4j-1.7.25.jar:/Users/haodaquan/.m2/myRepository/javax/annotation/javax.annotation-api/1.3.2/javax.annotation-api-1.3.2.jar:/Users/haodaquan/.m2/myRepository/org/yaml/snakeyaml/1.19/snakeyaml-1.19.jar:/Users/haodaquan/.m2/myRepository/org/springframework/boot/spring-boot-starter-json/2.0.2.RELEASE/spring-boot-starter-json-2.0.2.RELEASE.jar:/Users/haodaquan/.m2/myRepository/com/fasterxml/jackson/core/jackson-databind/2.9.5/jackson-databind-2.9.5.jar:/Users/haodaquan/.m2/myRepository/com/fasterxml/jackson/core/jackson-annotations/2.9.0/jackson-annotations-2.9.0.jar:/Users/haodaquan/.m2/myRepository/com/fasterxml/jackson/core/jackson-core/2.9.5/jackson-core-2.9.5.jar:/Users/haodaquan/.m2/myRepository/com/fasterxml/jackson/datatype/jackson-datatype-jdk8/2.9.5/jackson-datatype-jdk8-2.9.5.jar:/Users/haodaquan/.m2/myRepository/com/fasterxml/jackson/datatype/jackson-datatype-jsr310/2.9.5/jackson-datatype-jsr310-2.9.5.jar:/Users/haodaquan/.m2/myRepository/com/fasterxml/jackson/module/jackson-module-parameter-names/2.9.5/jackson-module-parameter-names-2.9.5.jar:/Users/haodaquan/.m2/myRepository/org/springframework/boot/spring-boot-starter-tomcat/2.0.2.RELEASE/spring-boot-starter-tomcat-2.0.2.RELEASE.jar:/Users/haodaquan/.m2/myRepository/org/apache/tomcat/embed/tomcat-embed-core/8.5.31/tomcat-embed-core-8.5.31.jar:/Users/haodaquan/.m2/myRepository/org/apache/tomcat/embed/tomcat-embed-el/8.5.31/tomcat-embed-el-8.5.31.jar:/Users/haodaquan/.m2/myRepository/org/apache/tomcat/embed/tomcat-embed-websocket/8.5.31/tomcat-embed-websocket-8.5.31.jar:/Users/haodaquan/.m2/myRepository/org/hibernate/validator/hibernate-validator/6.0.9.Final/hibernate-validator-6.0.9.Final.jar:/Users/haodaquan/.m2/myRepository/javax/validation/validation-api/2.0.1.Final/validation-api-2.0.1.Final.jar:/Users/haodaquan/.m2/myRepository/org/jboss/logging/jboss-logging/3.3.2.Final/jboss-logging-3.3.2.Final.jar:/Users/haodaquan/.m2/myRepository/com/fasterxml/classmate/1.3.4/classmate-1.3.4.jar:/Users/haodaquan/.m2/myRepository/org/springframework/spring-web/5.0.6.RELEASE/spring-web-5.0.6.RELEASE.jar:/Users/haodaquan/.m2/myRepository/org/springframework/spring-beans/5.0.6.RELEASE/spring-beans-5.0.6.RELEASE.jar:/Users/haodaquan/.m2/myRepository/org/springframework/spring-webmvc/5.0.6.RELEASE/spring-webmvc-5.0.6.RELEASE.jar:/Users/haodaquan/.m2/myRepository/org/springframework/spring-context/5.0.6.RELEASE/spring-context-5.0.6.RELEASE.jar:/Users/haodaquan/.m2/myRepository/org/springframework/spring-expression/5.0.6.RELEASE/spring-expression-5.0.6.RELEASE.jar:/Users/haodaquan/.m2/myRepository/org/springframework/boot/spring-boot-starter-test/2.0.2.RELEASE/spring-boot-starter-test-2.0.2.RELEASE.jar:/Users/haodaquan/.m2/myRepository/org/springframework/boot/spring-boot-test/2.0.2.RELEASE/spring-boot-test-2.0.2.RELEASE.jar:/Users/haodaquan/.m2/myRepository/org/springframework/boot/spring-boot-test-autoconfigure/2.0.2.RELEASE/spring-boot-test-autoconfigure-2.0.2.RELEASE.jar:/Users/haodaquan/.m2/myRepository/com/jayway/jsonpath/json-path/2.4.0/json-path-2.4.0.jar:/Users/haodaquan/.m2/myRepository/net/minidev/json-smart/2.3/json-smart-2.3.jar:/Users/haodaquan/.m2/myRepository/net/minidev/accessors-smart/1.2/accessors-smart-1.2.jar:/Users/haodaquan/.m2/myRepository/org/ow2/asm/asm/5.0.4/asm-5.0.4.jar:/Users/haodaquan/.m2/myRepository/org/slf4j/slf4j-api/1.7.25/slf4j-api-1.7.25.jar:/Users/haodaquan/.m2/myRepository/org/assertj/assertj-core/3.9.1/assertj-core-3.9.1.jar:/Users/haodaquan/.m2/myRepository/org/mockito/mockito-core/2.15.0/mockito-core-2.15.0.jar:/Users/haodaquan/.m2/myRepository/net/bytebuddy/byte-buddy/1.7.11/byte-buddy-1.7.11.jar:/Users/haodaquan/.m2/myRepository/net/bytebuddy/byte-buddy-agent/1.7.11/byte-buddy-agent-1.7.11.jar:/Users/haodaquan/.m2/myRepository/org/objenesis/objenesis/2.6/objenesis-2.6.jar:/Users/haodaquan/.m2/myRepository/org/hamcrest/hamcrest-core/1.3/hamcrest-core-1.3.jar:/Users/haodaquan/.m2/myRepository/org/hamcrest/hamcrest-library/1.3/hamcrest-library-1.3.jar:/Users/haodaquan/.m2/myRepository/org/skyscreamer/jsonassert/1.5.0/jsonassert-1.5.0.jar:/Users/haodaquan/.m2/myRepository/com/vaadin/external/google/android-json/0.0.20131108.vaadin1/android-json-0.0.20131108.vaadin1.jar:/Users/haodaquan/.m2/myRepository/org/springframework/spring-core/5.0.6.RELEASE/spring-core-5.0.6.RELEASE.jar:/Users/haodaquan/.m2/myRepository/org/springframework/spring-jcl/5.0.6.RELEASE/spring-jcl-5.0.6.RELEASE.jar:/Users/haodaquan/.m2/myRepository/org/springframework/spring-test/5.0.6.RELEASE/spring-test-5.0.6.RELEASE.jar:/Users/haodaquan/.m2/myRepository/org/xmlunit/xmlunit-core/2.5.1/xmlunit-core-2.5.1.jar:/Users/haodaquan/.m2/myRepository/org/springframework/boot/spring-boot-starter-security/2.0.2.RELEASE/spring-boot-starter-security-2.0.2.RELEASE.jar:/Users/haodaquan/.m2/myRepository/org/springframework/spring-aop/5.0.6.RELEASE/spring-aop-5.0.6.RELEASE.jar:/Users/haodaquan/.m2/myRepository/org/springframework/security/spring-security-config/5.0.5.RELEASE/spring-security-config-5.0.5.RELEASE.jar:/Users/haodaquan/.m2/myRepository/org/springframework/security/spring-security-core/5.0.5.RELEASE/spring-security-core-5.0.5.RELEASE.jar:/Users/haodaquan/.m2/myRepository/org/springframework/security/spring-security-web/5.0.5.RELEASE/spring-security-web-5.0.5.RELEASE.jar:/Users/haodaquan/.m2/myRepository/org/mybatis/spring/boot/mybatis-spring-boot-starter/1.3.1/mybatis-spring-boot-starter-1.3.1.jar:/Users/haodaquan/.m2/myRepository/org/springframework/boot/spring-boot-starter-jdbc/2.0.2.RELEASE/spring-boot-starter-jdbc-2.0.2.RELEASE.jar:/Users/haodaquan/.m2/myRepository/com/zaxxer/HikariCP/2.7.9/HikariCP-2.7.9.jar:/Users/haodaquan/.m2/myRepository/org/springframework/spring-jdbc/5.0.6.RELEASE/spring-jdbc-5.0.6.RELEASE.jar:/Users/haodaquan/.m2/myRepository/org/springframework/spring-tx/5.0.6.RELEASE/spring-tx-5.0.6.RELEASE.jar:/Users/haodaquan/.m2/myRepository/org/mybatis/spring/boot/mybatis-spring-boot-autoconfigure/1.3.1/mybatis-spring-boot-autoconfigure-1.3.1.jar:/Users/haodaquan/.m2/myRepository/org/mybatis/mybatis/3.4.5/mybatis-3.4.5.jar:/Users/haodaquan/.m2/myRepository/org/mybatis/mybatis-spring/1.3.1/mybatis-spring-1.3.1.jar:/Users/haodaquan/.m2/myRepository/mysql/mysql-connector-java/5.1.46/mysql-connector-java-5.1.46.jar:/Users/haodaquan/.m2/myRepository/junit/junit/4.11/junit-4.11.jar:"/>
    <property name="java.vm.vendor" value="Oracle Corporation"/>
    <property name="sun.arch.data.model" value="64"/>
    <property name="java.vendor.url" value="http://java.oracle.com/"/>
    <property name="user.timezone" value=""/>
    <property name="java.vm.specification.version" value="1.8"/>
    <property name="os.name" value="Mac OS X"/>
    <property name="user.country" value="CN"/>
    <property name="sun.java.launcher" value="SUN_STANDARD"/>
    <property name="sun.boot.library.path" value="/Library/Java/JavaVirtualMachines/jdk1.8.0_151.jdk/Contents/Home/jre/lib"/>
    <property name="sun.java.command" value="/Users/haodaquan/JavaPath/spring-boots/boot-security/target/surefire/surefirebooter2873128303544530623.jar /Users/haodaquan/JavaPath/spring-boots/boot-security/target/surefire 2019-03-02T08-16-10_976-jvmRun1 surefire2131864721617223978tmp surefire_03720527384561914296tmp"/>
    <property name="surefire.test.class.path" value="/Users/haodaquan/JavaPath/spring-boots/boot-security/target/test-classes:/Users/haodaquan/JavaPath/spring-boots/boot-security/target/classes:/Users/haodaquan/.m2/myRepository/org/springframework/boot/spring-boot-starter-web/2.0.2.RELEASE/spring-boot-starter-web-2.0.2.RELEASE.jar:/Users/haodaquan/.m2/myRepository/org/springframework/boot/spring-boot-starter/2.0.2.RELEASE/spring-boot-starter-2.0.2.RELEASE.jar:/Users/haodaquan/.m2/myRepository/org/springframework/boot/spring-boot/2.0.2.RELEASE/spring-boot-2.0.2.RELEASE.jar:/Users/haodaquan/.m2/myRepository/org/springframework/boot/spring-boot-autoconfigure/2.0.2.RELEASE/spring-boot-autoconfigure-2.0.2.RELEASE.jar:/Users/haodaquan/.m2/myRepository/org/springframework/boot/spring-boot-starter-logging/2.0.2.RELEASE/spring-boot-starter-logging-2.0.2.RELEASE.jar:/Users/haodaquan/.m2/myRepository/ch/qos/logback/logback-classic/1.2.3/logback-classic-1.2.3.jar:/Users/haodaquan/.m2/myRepository/ch/qos/logback/logback-core/1.2.3/logback-core-1.2.3.jar:/Users/haodaquan/.m2/myRepository/org/apache/logging/log4j/log4j-to-slf4j/2.10.0/log4j-to-slf4j-2.10.0.jar:/Users/haodaquan/.m2/myRepository/org/apache/logging/log4j/log4j-api/2.10.0/log4j-api-2.10.0.jar:/Users/haodaquan/.m2/myRepository/org/slf4j/jul-to-slf4j/1.7.25/jul-to-slf4j-1.7.25.jar:/Users/haodaquan/.m2/myRepository/javax/annotation/javax.annotation-api/1.3.2/javax.annotation-api-1.3.2.jar:/Users/haodaquan/.m2/myRepository/org/yaml/snakeyaml/1.19/snakeyaml-1.19.jar:/Users/haodaquan/.m2/myRepository/org/springframework/boot/spring-boot-starter-json/2.0.2.RELEASE/spring-boot-starter-json-2.0.2.RELEASE.jar:/Users/haodaquan/.m2/myRepository/com/fasterxml/jackson/core/jackson-databind/2.9.5/jackson-databind-2.9.5.jar:/Users/haodaquan/.m2/myRepository/com/fasterxml/jackson/core/jackson-annotations/2.9.0/jackson-annotations-2.9.0.jar:/Users/haodaquan/.m2/myRepository/com/fasterxml/jackson/core/jackson-core/2.9.5/jackson-core-2.9.5.jar:/Users/haodaquan/.m2/myRepository/com/fasterxml/jackson/datatype/jackson-datatype-jdk8/2.9.5/jackson-datatype-jdk8-2.9.5.jar:/Users/haodaquan/.m2/myRepository/com/fasterxml/jackson/datatype/jackson-datatype-jsr310/2.9.5/jackson-datatype-jsr310-2.9.5.jar:/Users/haodaquan/.m2/myRepository/com/fasterxml/jackson/module/jackson-module-parameter-names/2.9.5/jackson-module-parameter-names-2.9.5.jar:/Users/haodaquan/.m2/myRepository/org/springframework/boot/spring-boot-starter-tomcat/2.0.2.RELEASE/spring-boot-starter-tomcat-2.0.2.RELEASE.jar:/Users/haodaquan/.m2/myRepository/org/apache/tomcat/embed/tomcat-embed-core/8.5.31/tomcat-embed-core-8.5.31.jar:/Users/haodaquan/.m2/myRepository/org/apache/tomcat/embed/tomcat-embed-el/8.5.31/tomcat-embed-el-8.5.31.jar:/Users/haodaquan/.m2/myRepository/org/apache/tomcat/embed/tomcat-embed-websocket/8.5.31/tomcat-embed-websocket-8.5.31.jar:/Users/haodaquan/.m2/myRepository/org/hibernate/validator/hibernate-validator/6.0.9.Final/hibernate-validator-6.0.9.Final.jar:/Users/haodaquan/.m2/myRepository/javax/validation/validation-api/2.0.1.Final/validation-api-2.0.1.Final.jar:/Users/haodaquan/.m2/myRepository/org/jboss/logging/jboss-logging/3.3.2.Final/jboss-logging-3.3.2.Final.jar:/Users/haodaquan/.m2/myRepository/com/fasterxml/classmate/1.3.4/classmate-1.3.4.jar:/Users/haodaquan/.m2/myRepository/org/springframework/spring-web/5.0.6.RELEASE/spring-web-5.0.6.RELEASE.jar:/Users/haodaquan/.m2/myRepository/org/springframework/spring-beans/5.0.6.RELEASE/spring-beans-5.0.6.RELEASE.jar:/Users/haodaquan/.m2/myRepository/org/springframework/spring-webmvc/5.0.6.RELEASE/spring-webmvc-5.0.6.RELEASE.jar:/Users/haodaquan/.m2/myRepository/org/springframework/spring-context/5.0.6.RELEASE/spring-context-5.0.6.RELEASE.jar:/Users/haodaquan/.m2/myRepository/org/springframework/spring-expression/5.0.6.RELEASE/spring-expression-5.0.6.RELEASE.jar:/Users/haodaquan/.m2/myRepository/org/springframework/boot/spring-boot-starter-test/2.0.2.RELEASE/spring-boot-starter-test-2.0.2.RELEASE.jar:/Users/haodaquan/.m2/myRepository/org/springframework/boot/spring-boot-test/2.0.2.RELEASE/spring-boot-test-2.0.2.RELEASE.jar:/Users/haodaquan/.m2/myRepository/org/springframework/boot/spring-boot-test-autoconfigure/2.0.2.RELEASE/spring-boot-test-autoconfigure-2.0.2.RELEASE.jar:/Users/haodaquan/.m2/myRepository/com/jayway/jsonpath/json-path/2.4.0/json-path-2.4.0.jar:/Users/haodaquan/.m2/myRepository/net/minidev/json-smart/2.3/json-smart-2.3.jar:/Users/haodaquan/.m2/myRepository/net/minidev/accessors-smart/1.2/accessors-smart-1.2.jar:/Users/haodaquan/.m2/myRepository/org/ow2/asm/asm/5.0.4/asm-5.0.4.jar:/Users/haodaquan/.m2/myRepository/org/slf4j/slf4j-api/1.7.25/slf4j-api-1.7.25.jar:/Users/haodaquan/.m2/myRepository/org/assertj/assertj-core/3.9.1/assertj-core-3.9.1.jar:/Users/haodaquan/.m2/myRepository/org/mockito/mockito-core/2.15.0/mockito-core-2.15.0.jar:/Users/haodaquan/.m2/myRepository/net/bytebuddy/byte-buddy/1.7.11/byte-buddy-1.7.11.jar:/Users/haodaquan/.m2/myRepository/net/bytebuddy/byte-buddy-agent/1.7.11/byte-buddy-agent-1.7.11.jar:/Users/haodaquan/.m2/myRepository/org/objenesis/objenesis/2.6/objenesis-2.6.jar:/Users/haodaquan/.m2/myRepository/org/hamcrest/hamcrest-core/1.3/hamcrest-core-1.3.jar:/Users/haodaquan/.m2/myRepository/org/hamcrest/hamcrest-library/1.3/hamcrest-library-1.3.jar:/Users/haodaquan/.m2/myRepository/org/skyscreamer/jsonassert/1.5.0/jsonassert-1.5.0.jar:/Users/haodaquan/.m2/myRepository/com/vaadin/external/google/android-json/0.0.20131108.vaadin1/android-json-0.0.20131108.vaadin1.jar:/Users/haodaquan/.m2/myRepository/org/springframework/spring-core/5.0.6.RELEASE/spring-core-5.0.6.RELEASE.jar:/Users/haodaquan/.m2/myRepository/org/springframework/spring-jcl/5.0.6.RELEASE/spring-jcl-5.0.6.RELEASE.jar:/Users/haodaquan/.m2/myRepository/org/springframework/spring-test/5.0.6.RELEASE/spring-test-5.0.6.RELEASE.jar:/Users/haodaquan/.m2/myRepository/org/xmlunit/xmlunit-core/2.5.1/xmlunit-core-2.5.1.jar:/Users/haodaquan/.m2/myRepository/org/springframework/boot/spring-boot-starter-security/2.0.2.RELEASE/spring-boot-starter-security-2.0.2.RELEASE.jar:/Users/haodaquan/.m2/myRepository/org/springframework/spring-aop/5.0.6.RELEASE/spring-aop-5.0.6.RELEASE.jar:/Users/haodaquan/.m2/myRepository/org/springframework/security/spring-security-config/5.0.5.RELEASE/spring-security-config-5.0.5.RELEASE.jar:/Users/haodaquan/.m2/myRepository/org/springframework/security/spring-security-core/5.0.5.RELEASE/spring-security-core-5.0.5.RELEASE.jar:/Users/haodaquan/.m2/myRepository/org/springframework/security/spring-security-web/5.0.5.RELEASE/spring-security-web-5.0.5.RELEASE.jar:/Users/haodaquan/.m2/myRepository/org/mybatis/spring/boot/mybatis-spring-boot-starter/1.3.1/mybatis-spring-boot-starter-1.3.1.jar:/Users/haodaquan/.m2/myRepository/org/springframework/boot/spring-boot-starter-jdbc/2.0.2.RELEASE/spring-boot-starter-jdbc-2.0.2.RELEASE.jar:/Users/haodaquan/.m2/myRepository/com/zaxxer/HikariCP/2.7.9/HikariCP-2.7.9.jar:/Users/haodaquan/.m2/myRepository/org/springframework/spring-jdbc/5.0.6.RELEASE/spring-jdbc-5.0.6.RELEASE.jar:/Users/haodaquan/.m2/myRepository/org/springframework/spring-tx/5.0.6.RELEASE/spring-tx-5.0.6.RELEASE.jar:/Users/haodaquan/.m2/myRepository/org/mybatis/spring/boot/mybatis-spring-boot-autoconfigure/1.3.1/mybatis-spring-boot-autoconfigure-1.3.1.jar:/Users/haodaquan/.m2/myRepository/org/mybatis/mybatis/3.4.5/mybatis-3.4.5.jar:/Users/haodaquan/.m2/myRepository/org/mybatis/mybatis-spring/1.3.1/mybatis-spring-1.3.1.jar:/Users/haodaquan/.m2/myRepository/mysql/mysql-connector-java/5.1.46/mysql-connector-java-5.1.46.jar:/Users/haodaquan/.m2/myRepository/junit/junit/4.11/junit-4.11.jar:"/>
    <property name="sun.cpu.endian" value="little"/>
    <property name="user.home" value="/Users/haodaquan"/>
    <property name="user.language" value="zh"/>
    <property name="java.specification.vendor" value="Oracle Corporation"/>
    <property name="java.home" value="/Library/Java/JavaVirtualMachines/jdk1.8.0_151.jdk/Contents/Home/jre"/>
    <property name="basedir" value="/Users/haodaquan/JavaPath/spring-boots/boot-security"/>
    <property name="file.separator" value="/"/>
    <property name="line.separator" value="&#10;"/>
    <property name="java.vm.specification.vendor" value="Oracle Corporation"/>
    <property name="java.specification.name" value="Java Platform API Specification"/>
    <property name="java.awt.graphicsenv" value="sun.awt.CGraphicsEnvironment"/>
    <property name="surefire.real.class.path" value="/Users/haodaquan/JavaPath/spring-boots/boot-security/target/surefire/surefirebooter2873128303544530623.jar"/>
    <property name="sun.boot.class.path" value="/Library/Java/JavaVirtualMachines/jdk1.8.0_151.jdk/Contents/Home/jre/lib/resources.jar:/Library/Java/JavaVirtualMachines/jdk1.8.0_151.jdk/Contents/Home/jre/lib/rt.jar:/Library/Java/JavaVirtualMachines/jdk1.8.0_151.jdk/Contents/Home/jre/lib/sunrsasign.jar:/Library/Java/JavaVirtualMachines/jdk1.8.0_151.jdk/Contents/Home/jre/lib/jsse.jar:/Library/Java/JavaVirtualMachines/jdk1.8.0_151.jdk/Contents/Home/jre/lib/jce.jar:/Library/Java/JavaVirtualMachines/jdk1.8.0_151.jdk/Contents/Home/jre/lib/charsets.jar:/Library/Java/JavaVirtualMachines/jdk1.8.0_151.jdk/Contents/Home/jre/lib/jfr.jar:/Library/Java/JavaVirtualMachines/jdk1.8.0_151.jdk/Contents/Home/jre/classes"/>
    <property name="sun.management.compiler" value="HotSpot 64-Bit Tiered Compilers"/>
    <property name="java.runtime.version" value="1.8.0_151-b12"/>
    <property name="user.name" value="haodaquan"/>
    <property name="path.separator" value=":"/>
    <property name="os.version" value="10.11.6"/>
    <property name="java.endorsed.dirs" value="/Library/Java/JavaVirtualMachines/jdk1.8.0_151.jdk/Contents/Home/jre/lib/endorsed"/>
    <property name="java.runtime.name" value="Java(TM) SE Runtime Environment"/>
    <property name="file.encoding" value="US-ASCII"/>
    <property name="java.vm.name" value="Java HotSpot(TM) 64-Bit Server VM"/>
    <property name="localRepository" value="/Users/haodaquan/.m2/myRepository"/>
    <property name="java.vendor.url.bug" value="http://bugreport.sun.com/bugreport/"/>
    <property name="java.io.tmpdir" value="/var/folders/23/qp3m8gld74q8t6xh5qs0_hq80000gn/T/"/>
    <property name="idea.version" value="2017.2.6"/>
    <property name="java.version" value="1.8.0_151"/>
    <property name="user.dir" value="/Users/haodaquan/JavaPath/spring-boots/boot-security"/>
    <property name="os.arch" value="x86_64"/>
    <property name="java.vm.specification.name" value="Java Virtual Machine Specification"/>
    <property name="java.awt.printerjob" value="sun.lwawt.macosx.CPrinterJob"/>
    <property name="sun.os.patch.level" value="unknown"/>
    <property name="java.library.path" value="/Users/haodaquan/Library/Java/Extensions:/Library/Java/Extensions:/Network/Library/Java/Extensions:/System/Library/Java/Extensions:/usr/lib/java:."/>
    <property name="java.vm.info" value="mixed mode"/>
    <property name="java.vendor" value="Oracle Corporation"/>
    <property name="java.vm.version" value="25.151-b12"/>
    <property name="java.ext.dirs" value="/Users/haodaquan/Library/Java/Extensions:/Library/Java/JavaVirtualMachines/jdk1.8.0_151.jdk/Contents/Home/jre/lib/ext:/Library/Java/Extensions:/Network/Library/Java/Extensions:/System/Library/Java/Extensions:/usr/lib/java"/>
    <property name="sun.io.unicode.encoding" value="UnicodeBig"/>
    <property name="java.class.version" value="52.0"/>
  </properties>
  <testcase name="shouldAnswerWithTrue" classname="com.boot.security.server.AppTest" time="0.002"/>
</testsuite>